<?xml version="1.0" encoding="UTF-8"?>
<testsuite xmlns:xsi="http://www.w3.org/2001/XMLSchema-instance" xsi:noNamespaceSchemaLocation="https://maven.apache.org/surefire/maven-surefire-plugin/xsd/surefire-test-report.xsd" name="g58990.chess.model.GameTest" time="0.1" tests="11" errors="0" skipped="0" failures="0">
  <properties>
[...]
</properties>
  <testcase name="testMovePiecePositionPromotionPB" classname="g58990.chess.model.GameTest" time="0.027"/>
  <testcase name="testMovePiecePositionPromotionPN" classname="g58990.chess.model.GameTest" time="0.001"/>
  <testcase name="testMovePiecePositionStaleMate2" classname="g58990.chess.model.GameTest" time="0.002"/>
  <testcase name="testMovePiecePositionBeginPosition" classname="g58990.chess.model.GameTest" time="0.001"/>
  <testcase name="testMovePiecePositionNonPromotionPB" classname="g58990.chess.model.GameTest" time="0.001"/>
  <testcase name="testMovePiecePositionNonPromotionPN" classname="g58990.chess.model.GameTest" time="0.002"/>
  <testcase name="testMovePiecePositionCheckMate" classname="g58990.chess.model.GameTest" time="0.008"/>
  <testcase name="testIsValidMoveGeneralCase" classname="g58990.chess.model.GameTest" time="0.001"/>
  <testcase name="testIsValidMoveCheck" classname="g58990.chess.model.GameTest" time="0.006"/>
  <testcase name="testMovePiecePositionStaleMate" classname="g58990.chess.model.GameTest" time="0.02"/>
  <testcase name="testMovePiecePositionCheck" classname="g58990.chess.model.GameTest" time="0.005"/>
</testsuite>