<?xml version="1.0" encoding="UTF-8"?>
<testsuite xmlns:xsi="http://www.w3.org/2001/XMLSchema-instance" xsi:noNamespaceSchemaLocation="https://maven.apache.org/surefire/maven-surefire-plugin/xsd/surefire-test-report.xsd" name="g58990.chess.model.PawnTest" time="0.096" tests="29" errors="0" skipped="0" failures="0">
  <properties>
[...]
</properties>
  <testcase name="testGetPossibleMovesGeneralCaseBlack" classname="g58990.chess.model.PawnTest" time="0.032"/>
  <testcase name="testGetPossibleMovesGeneralCaseWhite" classname="g58990.chess.model.PawnTest" time="0.001"/>
  <testcase name="testGetCapturePositionsSameColorPieceBlack" classname="g58990.chess.model.PawnTest" time="0.002"/>
  <testcase name="testGetCapturePositionsSameColorPieceWhite" classname="g58990.chess.model.PawnTest" time="0.001"/>
  <testcase name="testGetCapturePositionsBorderBlack" classname="g58990.chess.model.PawnTest" time="0.001"/>
  <testcase name="testGetCapturePositionsBorderWhite" classname="g58990.chess.model.PawnTest" time="0.001"/>
  <testcase name="testGetCapturePositionsLastRowBlack" classname="g58990.chess.model.PawnTest" time="0.001"/>
  <testcase name="testGetCapturePositionsLastRowWhite" classname="g58990.chess.model.PawnTest" time="0.001"/>
  <testcase name="testGetPossibleMovesInitialPositionAndOnePieceToTakeBlack" classname="g58990.chess.model.PawnTest" time="0.001"/>
  <testcase name="testGetPossibleMovesInitialPositionAndOnePieceToTakeWhite" classname="g58990.chess.model.PawnTest" time="0.001"/>
  <testcase name="testGetPossibleMovesInitialPositionAndTwoPieceToTakeBlack" classname="g58990.chess.model.PawnTest" time="0.002"/>
  <testcase name="testGetPossibleMovesInitialPositionAndTwoPieceToTakeWhite" classname="g58990.chess.model.PawnTest" time="0.001"/>
  <testcase name="testGetPossibleMovesInitialPositionOpponentPieceOnFirstSquareBlack" classname="g58990.chess.model.PawnTest" time="0.001"/>
  <testcase name="testGetPossibleMovesInitialPositionOpponentPieceOnFirstSquareWhite" classname="g58990.chess.model.PawnTest" time="0.001"/>
  <testcase name="testGetPossibleMovesInitialPositionBlack" classname="g58990.chess.model.PawnTest" time="0.001"/>
  <testcase name="testGetPossibleMovesInitialPositionWhite" classname="g58990.chess.model.PawnTest" time="0.001"/>
  <testcase name="testGetCapturePositionsGeneralCaseBlack" classname="g58990.chess.model.PawnTest" time="0.001"/>
  <testcase name="testGetPossibleMovesInitialPositionOpponentPieceOnSecondSquareBlack" classname="g58990.chess.model.PawnTest" time="0.001"/>
  <testcase name="testGetCapturePositionsGeneralCaseWhite" classname="g58990.chess.model.PawnTest" time="0.001"/>
  <testcase name="testGetPossibleMovesInitialPositionOpponentPieceOnSecondSquareWhite" classname="g58990.chess.model.PawnTest" time="0.001"/>
  <testcase name="testGetCapturePositionsOpponentPieceAndSameColorPieceBlack" classname="g58990.chess.model.PawnTest" time="0.001"/>
  <testcase name="testGetCapturePositionsOpponentPieceAndSameColorPieceWhite" classname="g58990.chess.model.PawnTest" time="0.001"/>
  <testcase name="testGetPossibleMovesP" classname="g58990.chess.model.PawnTest" time="0.001"/>
  <testcase name="testGetPossibleMovesPieceLastRowBlack" classname="g58990.chess.model.PawnTest" time="0.001"/>
  <testcase name="testGetPossibleMovesPieceLastRowWhite" classname="g58990.chess.model.PawnTest" time="0.001"/>
  <testcase name="testGetPossibleMovesBordEdgeBlack" classname="g58990.chess.model.PawnTest" time="0"/>
  <testcase name="testGetPossibleMovesBordEdgeWhite" classname="g58990.chess.model.PawnTest" time="0"/>
  <testcase name="testGetCapturePositionsOpponentPieceBlack" classname="g58990.chess.model.PawnTest" time="0"/>
  <testcase name="testGetCapturePositionsOpponentPieceWhite" classname="g58990.chess.model.PawnTest" time="0.001"/>
</testsuite>