<?xml version="1.0" encoding="UTF-8"?>
<testsuite xmlns:xsi="http://www.w3.org/2001/XMLSchema-instance" xsi:noNamespaceSchemaLocation="https://maven.apache.org/surefire/maven-surefire-plugin/xsd/surefire-test-report.xsd" name="g58990.chess.model.PositionTest" time="0.04" tests="2" errors="0" skipped="0" failures="0">
  <properties>
[...]
</properties>
  <testcase name="testNextGeneralCaseNE" classname="g58990.chess.model.PositionTest" time="0.028"/>
  <testcase name="testNextGeneralCaseSW" classname="g58990.chess.model.PositionTest" time="0.001"/>
</testsuite>